PDSCH BLER vs SNR - All MCS (0-27), AWGN, nPRB=3 (156 RE/PRB), SISO, Table 2 (256QAM)
Step=1dB, max_blocks=5000, target_errors=100, ldpc_iters=25

=== MCS  0 (Qm=2, R=0.117, TBS=104) SNR -10~6dB ===
  SNR -10.0 dB: BLER=1.0000 (blocks=100, errors=100)
  SNR  -9.0 dB: BLER=1.0000 (blocks=100, errors=100)
  SNR  -8.0 dB: BLER=1.0000 (blocks=100, errors=100)
  SNR  -7.0 dB: BLER=1.0000 (blocks=100, errors=100)
  SNR  -6.0 dB: BLER=1.0000 (blocks=100, errors=100)
  SNR  -5.0 dB: BLER=0.9901 (blocks=101, errors=100)
  SNR  -4.0 dB: BLER=0.8696 (blocks=115, errors=100)
  SNR  -3.0 dB: BLER=0.1969 (blocks=508, errors=100)
  SNR  -2.0 dB: BLER=0.0046 (blocks=5000, errors=23)
  SNR  -1.0 dB: BLER=0.0000 (blocks=1000, errors=0)
  SNR   0.0 dB: BLER=0.0000 (blocks=1000, errors=0)
  SNR   1.0 dB: BLER=0.0000 (blocks=1000, errors=0)
  SNR   2.0 dB: BLER=0.0000 (blocks=1000, errors=0)
  SNR   3.0 dB: BLER=0.0000 (blocks=1000, errors=0)
  SNR   4.0 dB: BLER=0.0000 (blocks=1000, errors=0)
  SNR   5.0 dB: BLER=0.0000 (blocks=1000, errors=0)
  SNR   6.0 dB: BLER=0.0000 (blocks=1000, errors=0)

=== MCS  1 (Qm=2, R=0.188, TBS=176) SNR -10~6dB ===
  SNR -10.0 dB: BLER=1.0000 (blocks=100, errors=100)
  SNR  -9.0 dB: BLER=1.0000 (blocks=100, errors=100)
  SNR  -8.0 dB: BLER=1.0000 (blocks=100, errors=100)
  SNR  -7.0 dB: BLER=1.0000 (blocks=100, errors=100)
  SNR  -6.0 dB: BLER=1.0000 (blocks=100, errors=100)
  SNR  -5.0 dB: BLER=1.0000 (blocks=100, errors=100)
  SNR  -4.0 dB: BLER=1.0000 (blocks=100, errors=100)
  SNR  -3.0 dB: BLER=1.0000 (blocks=100, errors=100)
  SNR  -2.0 dB: BLER=0.9804 (blocks=102, errors=100)
  SNR  -1.0 dB: BLER=0.4016 (blocks=249, errors=100)
  SNR   0.0 dB: BLER=0.0068 (blocks=5000, errors=34)
  SNR   1.0 dB: BLER=0.0000 (blocks=1000, errors=0)
  SNR   2.0 dB: BLER=0.0000 (blocks=1000, errors=0)
  SNR   3.0 dB: BLER=0.0000 (blocks=1000, errors=0)
  SNR   4.0 dB: BLER=0.0000 (blocks=1000, errors=0)
  SNR   5.0 dB: BLER=0.0000 (blocks=1000, errors=0)
  SNR   6.0 dB: BLER=0.0000 (blocks=1000, errors=0)

=== MCS  2 (Qm=2, R=0.301, TBS=288) SNR -6~10dB ===
  SNR  -6.0 dB: BLER=1.0000 (blocks=100, errors=100)
  SNR  -5.0 dB: BLER=1.0000 (blocks=100, errors=100)
  SNR  -4.0 dB: BLER=1.0000 (blocks=100, errors=100)
  SNR  -3.0 dB: BLER=1.0000 (blocks=100, errors=100)
  SNR  -2.0 dB: BLER=1.0000 (blocks=100, errors=100)
  SNR  -1.0 dB: BLER=0.9901 (blocks=101, errors=100)
  SNR   0.0 dB: BLER=0.3460 (blocks=289, errors=100)
  SNR   1.0 dB: BLER=0.0018 (blocks=5000, errors=9)
  SNR   2.0 dB: BLER=0.0000 (blocks=1000, errors=0)
  SNR   3.0 dB: BLER=0.0000 (blocks=1000, errors=0)
  SNR   4.0 dB: BLER=0.0000 (blocks=1000, errors=0)
  SNR   5.0 dB: BLER=0.0000 (blocks=1000, errors=0)
  SNR   6.0 dB: BLER=0.0000 (blocks=1000, errors=0)
  SNR   7.0 dB: BLER=0.0000 (blocks=1000, errors=0)
  SNR   8.0 dB: BLER=0.0000 (blocks=1000, errors=0)
  SNR   9.0 dB: BLER=0.0000 (blocks=1000, errors=0)
  SNR  10.0 dB: BLER=0.0000 (blocks=1000, errors=0)

=== MCS  3 (Qm=2, R=0.438, TBS=408) SNR -6~10dB ===
  SNR  -6.0 dB: BLER=1.0000 (blocks=100, errors=100)
  SNR  -5.0 dB: BLER=1.0000 (blocks=100, errors=100)
  SNR  -4.0 dB: BLER=1.0000 (blocks=100, errors=100)
  SNR  -3.0 dB: BLER=1.0000 (blocks=100, errors=100)
  SNR  -2.0 dB: BLER=1.0000 (blocks=100, errors=100)
  SNR  -1.0 dB: BLER=1.0000 (blocks=100, errors=100)
  SNR   0.0 dB: BLER=1.0000 (blocks=100, errors=100)
  SNR   1.0 dB: BLER=1.0000 (blocks=100, errors=100)
  SNR   2.0 dB: BLER=0.4348 (blocks=230, errors=100)
  SNR   3.0 dB: BLER=0.0000 (blocks=1000, errors=0)
  SNR   4.0 dB: BLER=0.0000 (blocks=1000, errors=0)
  SNR   5.0 dB: BLER=0.0000 (blocks=1000, errors=0)
  SNR   6.0 dB: BLER=0.0000 (blocks=1000, errors=0)
  SNR   7.0 dB: BLER=0.0000 (blocks=1000, errors=0)
  SNR   8.0 dB: BLER=0.0000 (blocks=1000, errors=0)
  SNR   9.0 dB: BLER=0.0000 (blocks=1000, errors=0)
  SNR  10.0 dB: BLER=0.0000 (blocks=1000, errors=0)

=== MCS  4 (Qm=2, R=0.588, TBS=552) SNR -4~12dB ===
  SNR  -4.0 dB: BLER=1.0000 (blocks=100, errors=100)
  SNR  -3.0 dB: BLER=1.0000 (blocks=100, errors=100)
  SNR  -2.0 dB: BLER=1.0000 (blocks=100, errors=100)
  SNR  -1.0 dB: BLER=1.0000 (blocks=100, errors=100)
  SNR   0.0 dB: BLER=1.0000 (blocks=100, errors=100)
  SNR   1.0 dB: BLER=0.9901 (blocks=101, errors=100)
  SNR   2.0 dB: BLER=1.0000 (blocks=100, errors=100)
  SNR   3.0 dB: BLER=0.6667 (blocks=150, errors=100)
  SNR   4.0 dB: BLER=0.0034 (blocks=5000, errors=17)
  SNR   5.0 dB: BLER=0.0000 (blocks=1000, errors=0)
  SNR   6.0 dB: BLER=0.0000 (blocks=1000, errors=0)
  SNR   7.0 dB: BLER=0.0000 (blocks=1000, errors=0)
  SNR   8.0 dB: BLER=0.0000 (blocks=1000, errors=0)
  SNR   9.0 dB: BLER=0.0000 (blocks=1000, errors=0)
  SNR  10.0 dB: BLER=0.0000 (blocks=1000, errors=0)
  SNR  11.0 dB: BLER=0.0000 (blocks=1000, errors=0)
  SNR  12.0 dB: BLER=0.0000 (blocks=1000, errors=0)

=== MCS  5 (Qm=4, R=0.369, TBS=704) SNR 0~16dB ===
  SNR   0.0 dB: BLER=1.0000 (blocks=100, errors=100)
  SNR   1.0 dB: BLER=1.0000 (blocks=100, errors=100)
  SNR   2.0 dB: BLER=1.0000 (blocks=100, errors=100)
  SNR   3.0 dB: BLER=1.0000 (blocks=100, errors=100)
  SNR   4.0 dB: BLER=1.0000 (blocks=100, errors=100)
  SNR   5.0 dB: BLER=0.2433 (blocks=411, errors=100)
  SNR   6.0 dB: BLER=0.0010 (blocks=5000, errors=5)
  SNR   7.0 dB: BLER=0.0000 (blocks=1000, errors=0)
  SNR   8.0 dB: BLER=0.0000 (blocks=1000, errors=0)
  SNR   9.0 dB: BLER=0.0000 (blocks=1000, errors=0)
  SNR  10.0 dB: BLER=0.0000 (blocks=1000, errors=0)
  SNR  11.0 dB: BLER=0.0000 (blocks=1000, errors=0)
  SNR  12.0 dB: BLER=0.0000 (blocks=1000, errors=0)
  SNR  13.0 dB: BLER=0.0000 (blocks=1000, errors=0)
  SNR  14.0 dB: BLER=0.0000 (blocks=1000, errors=0)
  SNR  15.0 dB: BLER=0.0000 (blocks=1000, errors=0)
  SNR  16.0 dB: BLER=0.0000 (blocks=1000, errors=0)

=== MCS  6 (Qm=4, R=0.424, TBS=808) SNR 0~16dB ===
  SNR   0.0 dB: BLER=1.0000 (blocks=100, errors=100)
  SNR   1.0 dB: BLER=1.0000 (blocks=100, errors=100)
  SNR   2.0 dB: BLER=1.0000 (blocks=100, errors=100)
  SNR   3.0 dB: BLER=1.0000 (blocks=100, errors=100)
  SNR   4.0 dB: BLER=1.0000 (blocks=100, errors=100)
  SNR   5.0 dB: BLER=0.9346 (blocks=107, errors=100)
  SNR   6.0 dB: BLER=0.0563 (blocks=1777, errors=100)
  SNR   7.0 dB: BLER=0.0000 (blocks=1000, errors=0)
  SNR   8.0 dB: BLER=0.0000 (blocks=1000, errors=0)
  SNR   9.0 dB: BLER=0.0000 (blocks=1000, errors=0)
  SNR  10.0 dB: BLER=0.0000 (blocks=1000, errors=0)
  SNR  11.0 dB: BLER=0.0000 (blocks=1000, errors=0)
  SNR  12.0 dB: BLER=0.0000 (blocks=1000, errors=0)
  SNR  13.0 dB: BLER=0.0000 (blocks=1000, errors=0)
  SNR  14.0 dB: BLER=0.0000 (blocks=1000, errors=0)
  SNR  15.0 dB: BLER=0.0000 (blocks=1000, errors=0)
  SNR  16.0 dB: BLER=0.0000 (blocks=1000, errors=0)

=== MCS  7 (Qm=4, R=0.479, TBS=888) SNR 0~16dB ===
  SNR   0.0 dB: BLER=1.0000 (blocks=100, errors=100)
  SNR   1.0 dB: BLER=1.0000 (blocks=100, errors=100)
  SNR   2.0 dB: BLER=1.0000 (blocks=100, errors=100)
  SNR   3.0 dB: BLER=1.0000 (blocks=100, errors=100)
  SNR   4.0 dB: BLER=1.0000 (blocks=100, errors=100)
  SNR   5.0 dB: BLER=1.0000 (blocks=100, errors=100)
  SNR   6.0 dB: BLER=0.7407 (blocks=135, errors=100)
  SNR   7.0 dB: BLER=0.0062 (blocks=5000, errors=31)
  SNR   8.0 dB: BLER=0.0000 (blocks=1000, errors=0)
  SNR   9.0 dB: BLER=0.0000 (blocks=1000, errors=0)
  SNR  10.0 dB: BLER=0.0000 (blocks=1000, errors=0)
  SNR  11.0 dB: BLER=0.0000 (blocks=1000, errors=0)
  SNR  12.0 dB: BLER=0.0000 (blocks=1000, errors=0)
  SNR  13.0 dB: BLER=0.0000 (blocks=1000, errors=0)
  SNR  14.0 dB: BLER=0.0000 (blocks=1000, errors=0)
  SNR  15.0 dB: BLER=0.0000 (blocks=1000, errors=0)
  SNR  16.0 dB: BLER=0.0000 (blocks=1000, errors=0)

=== MCS  8 (Qm=4, R=0.540, TBS=1032) SNR 2~18dB ===
  SNR   2.0 dB: BLER=1.0000 (blocks=100, errors=100)
  SNR   3.0 dB: BLER=1.0000 (blocks=100, errors=100)
  SNR   4.0 dB: BLER=1.0000 (blocks=100, errors=100)
  SNR   5.0 dB: BLER=1.0000 (blocks=100, errors=100)
  SNR   6.0 dB: BLER=0.9901 (blocks=101, errors=100)
  SNR   7.0 dB: BLER=0.7634 (blocks=131, errors=100)
  SNR   8.0 dB: BLER=0.0008 (blocks=5000, errors=4)
  SNR   9.0 dB: BLER=0.0000 (blocks=1000, errors=0)
  SNR  10.0 dB: BLER=0.0000 (blocks=1000, errors=0)
  SNR  11.0 dB: BLER=0.0000 (blocks=1000, errors=0)
  SNR  12.0 dB: BLER=0.0000 (blocks=1000, errors=0)
  SNR  13.0 dB: BLER=0.0000 (blocks=1000, errors=0)
  SNR  14.0 dB: BLER=0.0000 (blocks=1000, errors=0)
  SNR  15.0 dB: BLER=0.0000 (blocks=1000, errors=0)
  SNR  16.0 dB: BLER=0.0000 (blocks=1000, errors=0)
  SNR  17.0 dB: BLER=0.0000 (blocks=1000, errors=0)
  SNR  18.0 dB: BLER=0.0000 (blocks=1000, errors=0)

=== MCS  9 (Qm=4, R=0.602, TBS=1128) SNR 2~18dB ===
  SNR   2.0 dB: BLER=1.0000 (blocks=100, errors=100)
  SNR   3.0 dB: BLER=1.0000 (blocks=100, errors=100)
  SNR   4.0 dB: BLER=1.0000 (blocks=100, errors=100)
  SNR   5.0 dB: BLER=1.0000 (blocks=100, errors=100)
  SNR   6.0 dB: BLER=0.9901 (blocks=101, errors=100)
  SNR   7.0 dB: BLER=1.0000 (blocks=100, errors=100)
  SNR   8.0 dB: BLER=0.5000 (blocks=200, errors=100)
  SNR   9.0 dB: BLER=0.0002 (blocks=5000, errors=1)
  SNR  10.0 dB: BLER=0.0000 (blocks=1000, errors=0)
  SNR  11.0 dB: BLER=0.0000 (blocks=1000, errors=0)
  SNR  12.0 dB: BLER=0.0000 (blocks=1000, errors=0)
  SNR  13.0 dB: BLER=0.0000 (blocks=1000, errors=0)
  SNR  14.0 dB: BLER=0.0000 (blocks=1000, errors=0)
  SNR  15.0 dB: BLER=0.0000 (blocks=1000, errors=0)
  SNR  16.0 dB: BLER=0.0000 (blocks=1000, errors=0)
  SNR  17.0 dB: BLER=0.0000 (blocks=1000, errors=0)
  SNR  18.0 dB: BLER=0.0000 (blocks=1000, errors=0)

=== MCS 10 (Qm=4, R=0.643, TBS=1224) SNR 2~18dB ===
  SNR   2.0 dB: BLER=1.0000 (blocks=100, errors=100)
  SNR   3.0 dB: BLER=1.0000 (blocks=100, errors=100)
  SNR   4.0 dB: BLER=1.0000 (blocks=100, errors=100)
  SNR   5.0 dB: BLER=0.9901 (blocks=101, errors=100)
  SNR   6.0 dB: BLER=1.0000 (blocks=100, errors=100)
  SNR   7.0 dB: BLER=1.0000 (blocks=100, errors=100)
  SNR   8.0 dB: BLER=1.0000 (blocks=100, errors=100)
  SNR   9.0 dB: BLER=0.1351 (blocks=740, errors=100)
  SNR  10.0 dB: BLER=0.0000 (blocks=1000, errors=0)
  SNR  11.0 dB: BLER=0.0000 (blocks=1000, errors=0)
  SNR  12.0 dB: BLER=0.0000 (blocks=1000, errors=0)
  SNR  13.0 dB: BLER=0.0000 (blocks=1000, errors=0)
  SNR  14.0 dB: BLER=0.0000 (blocks=1000, errors=0)
  SNR  15.0 dB: BLER=0.0000 (blocks=1000, errors=0)
  SNR  16.0 dB: BLER=0.0000 (blocks=1000, errors=0)
  SNR  17.0 dB: BLER=0.0000 (blocks=1000, errors=0)
  SNR  18.0 dB: BLER=0.0000 (blocks=1000, errors=0)

=== MCS 11 (Qm=6, R=0.455, TBS=1288) SNR 4~22dB ===
  SNR   4.0 dB: BLER=1.0000 (blocks=100, errors=100)
  SNR   5.0 dB: BLER=1.0000 (blocks=100, errors=100)
  SNR   6.0 dB: BLER=1.0000 (blocks=100, errors=100)
  SNR   7.0 dB: BLER=1.0000 (blocks=100, errors=100)
  SNR   8.0 dB: BLER=1.0000 (blocks=100, errors=100)
  SNR   9.0 dB: BLER=1.0000 (blocks=100, errors=100)
  SNR  10.0 dB: BLER=0.9901 (blocks=101, errors=100)
  SNR  11.0 dB: BLER=0.0231 (blocks=4321, errors=100)
  SNR  12.0 dB: BLER=0.0000 (blocks=1000, errors=0)
  SNR  13.0 dB: BLER=0.0000 (blocks=1000, errors=0)
  SNR  14.0 dB: BLER=0.0000 (blocks=1000, errors=0)
  SNR  15.0 dB: BLER=0.0000 (blocks=1000, errors=0)
  SNR  16.0 dB: BLER=0.0000 (blocks=1000, errors=0)
  SNR  17.0 dB: BLER=0.0000 (blocks=1000, errors=0)
  SNR  18.0 dB: BLER=0.0000 (blocks=1000, errors=0)
  SNR  19.0 dB: BLER=0.0000 (blocks=1000, errors=0)
  SNR  20.0 dB: BLER=0.0000 (blocks=1000, errors=0)
  SNR  21.0 dB: BLER=0.0000 (blocks=1000, errors=0)
  SNR  22.0 dB: BLER=0.0000 (blocks=1000, errors=0)

=== MCS 12 (Qm=6, R=0.505, TBS=1416) SNR 4~22dB ===
  SNR   4.0 dB: BLER=1.0000 (blocks=100, errors=100)
  SNR   5.0 dB: BLER=1.0000 (blocks=100, errors=100)
  SNR   6.0 dB: BLER=1.0000 (blocks=100, errors=100)
  SNR   7.0 dB: BLER=1.0000 (blocks=100, errors=100)
  SNR   8.0 dB: BLER=1.0000 (blocks=100, errors=100)
  SNR   9.0 dB: BLER=1.0000 (blocks=100, errors=100)
  SNR  10.0 dB: BLER=1.0000 (blocks=100, errors=100)
  SNR  11.0 dB: BLER=0.8000 (blocks=125, errors=100)
  SNR  12.0 dB: BLER=0.0018 (blocks=5000, errors=9)
  SNR  13.0 dB: BLER=0.0000 (blocks=1000, errors=0)
  SNR  14.0 dB: BLER=0.0000 (blocks=1000, errors=0)
  SNR  15.0 dB: BLER=0.0000 (blocks=1000, errors=0)
  SNR  16.0 dB: BLER=0.0000 (blocks=1000, errors=0)
  SNR  17.0 dB: BLER=0.0000 (blocks=1000, errors=0)
  SNR  18.0 dB: BLER=0.0000 (blocks=1000, errors=0)
  SNR  19.0 dB: BLER=0.0000 (blocks=1000, errors=0)
  SNR  20.0 dB: BLER=0.0000 (blocks=1000, errors=0)
  SNR  21.0 dB: BLER=0.0000 (blocks=1000, errors=0)
  SNR  22.0 dB: BLER=0.0000 (blocks=1000, errors=0)

=== MCS 13 (Qm=6, R=0.554, TBS=1608) SNR 4~22dB ===
  SNR   4.0 dB: BLER=1.0000 (blocks=100, errors=100)
  SNR   5.0 dB: BLER=1.0000 (blocks=100, errors=100)
  SNR   6.0 dB: BLER=1.0000 (blocks=100, errors=100)
  SNR   7.0 dB: BLER=1.0000 (blocks=100, errors=100)
  SNR   8.0 dB: BLER=1.0000 (blocks=100, errors=100)
  SNR   9.0 dB: BLER=0.9901 (blocks=101, errors=100)
  SNR  10.0 dB: BLER=1.0000 (blocks=100, errors=100)
  SNR  11.0 dB: BLER=1.0000 (blocks=100, errors=100)
  SNR  12.0 dB: BLER=0.8333 (blocks=120, errors=100)
  SNR  13.0 dB: BLER=0.0006 (blocks=5000, errors=3)
  SNR  14.0 dB: BLER=0.0000 (blocks=1000, errors=0)
  SNR  15.0 dB: BLER=0.0000 (blocks=1000, errors=0)
  SNR  16.0 dB: BLER=0.0000 (blocks=1000, errors=0)
  SNR  17.0 dB: BLER=0.0000 (blocks=1000, errors=0)
  SNR  18.0 dB: BLER=0.0000 (blocks=1000, errors=0)
  SNR  19.0 dB: BLER=0.0000 (blocks=1000, errors=0)
  SNR  20.0 dB: BLER=0.0000 (blocks=1000, errors=0)
  SNR  21.0 dB: BLER=0.0000 (blocks=1000, errors=0)
  SNR  22.0 dB: BLER=0.0000 (blocks=1000, errors=0)

=== MCS 14 (Qm=6, R=0.602, TBS=1736) SNR 8~24dB ===
  SNR   8.0 dB: BLER=1.0000 (blocks=100, errors=100)
  SNR   9.0 dB: BLER=1.0000 (blocks=100, errors=100)
  SNR  10.0 dB: BLER=1.0000 (blocks=100, errors=100)
  SNR  11.0 dB: BLER=1.0000 (blocks=100, errors=100)
  SNR  12.0 dB: BLER=1.0000 (blocks=100, errors=100)
  SNR  13.0 dB: BLER=0.6329 (blocks=158, errors=100)
  SNR  14.0 dB: BLER=0.0000 (blocks=1000, errors=0)
  SNR  15.0 dB: BLER=0.0000 (blocks=1000, errors=0)
  SNR  16.0 dB: BLER=0.0000 (blocks=1000, errors=0)
  SNR  17.0 dB: BLER=0.0000 (blocks=1000, errors=0)
  SNR  18.0 dB: BLER=0.0000 (blocks=1000, errors=0)
  SNR  19.0 dB: BLER=0.0000 (blocks=1000, errors=0)
  SNR  20.0 dB: BLER=0.0000 (blocks=1000, errors=0)
  SNR  21.0 dB: BLER=0.0000 (blocks=1000, errors=0)
  SNR  22.0 dB: BLER=0.0000 (blocks=1000, errors=0)
  SNR  23.0 dB: BLER=0.0000 (blocks=1000, errors=0)
  SNR  24.0 dB: BLER=0.0000 (blocks=1000, errors=0)

=== MCS 15 (Qm=6, R=0.650, TBS=1864) SNR 8~24dB ===
  SNR   8.0 dB: BLER=1.0000 (blocks=100, errors=100)
  SNR   9.0 dB: BLER=0.9901 (blocks=101, errors=100)
  SNR  10.0 dB: BLER=1.0000 (blocks=100, errors=100)
  SNR  11.0 dB: BLER=1.0000 (blocks=100, errors=100)
  SNR  12.0 dB: BLER=1.0000 (blocks=100, errors=100)
  SNR  13.0 dB: BLER=1.0000 (blocks=100, errors=100)
  SNR  14.0 dB: BLER=0.1799 (blocks=556, errors=100)
  SNR  15.0 dB: BLER=0.0000 (blocks=1000, errors=0)
  SNR  16.0 dB: BLER=0.0000 (blocks=1000, errors=0)
  SNR  17.0 dB: BLER=0.0000 (blocks=1000, errors=0)
  SNR  18.0 dB: BLER=0.0000 (blocks=1000, errors=0)
  SNR  19.0 dB: BLER=0.0000 (blocks=1000, errors=0)
  SNR  20.0 dB: BLER=0.0000 (blocks=1000, errors=0)
  SNR  21.0 dB: BLER=0.0000 (blocks=1000, errors=0)
  SNR  22.0 dB: BLER=0.0000 (blocks=1000, errors=0)
  SNR  23.0 dB: BLER=0.0000 (blocks=1000, errors=0)
  SNR  24.0 dB: BLER=0.0000 (blocks=1000, errors=0)

=== MCS 16 (Qm=6, R=0.702, TBS=2024) SNR 8~24dB ===
  SNR   8.0 dB: BLER=1.0000 (blocks=100, errors=100)
  SNR   9.0 dB: BLER=1.0000 (blocks=100, errors=100)
  SNR  10.0 dB: BLER=0.9901 (blocks=101, errors=100)
  SNR  11.0 dB: BLER=1.0000 (blocks=100, errors=100)
  SNR  12.0 dB: BLER=1.0000 (blocks=100, errors=100)
  SNR  13.0 dB: BLER=1.0000 (blocks=100, errors=100)
  SNR  14.0 dB: BLER=0.9901 (blocks=101, errors=100)
  SNR  15.0 dB: BLER=0.2506 (blocks=399, errors=100)
  SNR  16.0 dB: BLER=0.0000 (blocks=1000, errors=0)
  SNR  17.0 dB: BLER=0.0000 (blocks=1000, errors=0)
  SNR  18.0 dB: BLER=0.0000 (blocks=1000, errors=0)
  SNR  19.0 dB: BLER=0.0000 (blocks=1000, errors=0)
  SNR  20.0 dB: BLER=0.0000 (blocks=1000, errors=0)
  SNR  21.0 dB: BLER=0.0000 (blocks=1000, errors=0)
  SNR  22.0 dB: BLER=0.0000 (blocks=1000, errors=0)
  SNR  23.0 dB: BLER=0.0000 (blocks=1000, errors=0)
  SNR  24.0 dB: BLER=0.0000 (blocks=1000, errors=0)

=== MCS 17 (Qm=6, R=0.754, TBS=2152) SNR 8~24dB ===
  SNR   8.0 dB: BLER=1.0000 (blocks=100, errors=100)
  SNR   9.0 dB: BLER=1.0000 (blocks=100, errors=100)
  SNR  10.0 dB: BLER=0.9901 (blocks=101, errors=100)
  SNR  11.0 dB: BLER=1.0000 (blocks=100, errors=100)
  SNR  12.0 dB: BLER=1.0000 (blocks=100, errors=100)
  SNR  13.0 dB: BLER=1.0000 (blocks=100, errors=100)
  SNR  14.0 dB: BLER=1.0000 (blocks=100, errors=100)
  SNR  15.0 dB: BLER=1.0000 (blocks=100, errors=100)
  SNR  16.0 dB: BLER=0.0782 (blocks=1279, errors=100)
  SNR  17.0 dB: BLER=0.0000 (blocks=1000, errors=0)
  SNR  18.0 dB: BLER=0.0000 (blocks=1000, errors=0)
  SNR  19.0 dB: BLER=0.0000 (blocks=1000, errors=0)
  SNR  20.0 dB: BLER=0.0000 (blocks=1000, errors=0)
  SNR  21.0 dB: BLER=0.0000 (blocks=1000, errors=0)
  SNR  22.0 dB: BLER=0.0000 (blocks=1000, errors=0)
  SNR  23.0 dB: BLER=0.0000 (blocks=1000, errors=0)
  SNR  24.0 dB: BLER=0.0000 (blocks=1000, errors=0)

=== MCS 18 (Qm=6, R=0.803, TBS=2280) SNR 10~26dB ===
  SNR  10.0 dB: BLER=0.9901 (blocks=101, errors=100)
  SNR  11.0 dB: BLER=1.0000 (blocks=100, errors=100)
  SNR  12.0 dB: BLER=1.0000 (blocks=100, errors=100)
  SNR  13.0 dB: BLER=1.0000 (blocks=100, errors=100)
  SNR  14.0 dB: BLER=1.0000 (blocks=100, errors=100)
  SNR  15.0 dB: BLER=0.9901 (blocks=101, errors=100)
  SNR  16.0 dB: BLER=0.9804 (blocks=102, errors=100)
  SNR  17.0 dB: BLER=0.0263 (blocks=3798, errors=100)
  SNR  18.0 dB: BLER=0.0000 (blocks=1000, errors=0)
  SNR  19.0 dB: BLER=0.0000 (blocks=1000, errors=0)
  SNR  20.0 dB: BLER=0.0000 (blocks=1000, errors=0)
  SNR  21.0 dB: BLER=0.0000 (blocks=1000, errors=0)
  SNR  22.0 dB: BLER=0.0000 (blocks=1000, errors=0)
  SNR  23.0 dB: BLER=0.0000 (blocks=1000, errors=0)
  SNR  24.0 dB: BLER=0.0000 (blocks=1000, errors=0)
  SNR  25.0 dB: BLER=0.0000 (blocks=1000, errors=0)
  SNR  26.0 dB: BLER=0.0000 (blocks=1000, errors=0)

=== MCS 19 (Qm=6, R=0.853, TBS=2408) SNR 10~26dB ===
  SNR  10.0 dB: BLER=1.0000 (blocks=100, errors=100)
  SNR  11.0 dB: BLER=1.0000 (blocks=100, errors=100)
  SNR  12.0 dB: BLER=1.0000 (blocks=100, errors=100)
  SNR  13.0 dB: BLER=1.0000 (blocks=100, errors=100)
  SNR  14.0 dB: BLER=0.9901 (blocks=101, errors=100)
  SNR  15.0 dB: BLER=1.0000 (blocks=100, errors=100)
  SNR  16.0 dB: BLER=0.9901 (blocks=101, errors=100)
  SNR  17.0 dB: BLER=0.9804 (blocks=102, errors=100)
  SNR  18.0 dB: BLER=0.0184 (blocks=5000, errors=92)
  SNR  19.0 dB: BLER=0.0000 (blocks=1000, errors=0)
  SNR  20.0 dB: BLER=0.0000 (blocks=1000, errors=0)
  SNR  21.0 dB: BLER=0.0000 (blocks=1000, errors=0)
  SNR  22.0 dB: BLER=0.0000 (blocks=1000, errors=0)
  SNR  23.0 dB: BLER=0.0000 (blocks=1000, errors=0)
  SNR  24.0 dB: BLER=0.0000 (blocks=1000, errors=0)
  SNR  25.0 dB: BLER=0.0000 (blocks=1000, errors=0)
  SNR  26.0 dB: BLER=0.0000 (blocks=1000, errors=0)

=== MCS 20 (Qm=8, R=0.667, TBS=2472) SNR 12~28dB ===
  SNR  12.0 dB: BLER=0.9901 (blocks=101, errors=100)
  SNR  13.0 dB: BLER=0.9901 (blocks=101, errors=100)
  SNR  14.0 dB: BLER=1.0000 (blocks=100, errors=100)
  SNR  15.0 dB: BLER=1.0000 (blocks=100, errors=100)
  SNR  16.0 dB: BLER=1.0000 (blocks=100, errors=100)
  SNR  17.0 dB: BLER=1.0000 (blocks=100, errors=100)
  SNR  18.0 dB: BLER=0.9709 (blocks=103, errors=100)
  SNR  19.0 dB: BLER=0.0098 (blocks=5000, errors=49)
  SNR  20.0 dB: BLER=0.0000 (blocks=1000, errors=0)
  SNR  21.0 dB: BLER=0.0000 (blocks=1000, errors=0)
  SNR  22.0 dB: BLER=0.0000 (blocks=1000, errors=0)
  SNR  23.0 dB: BLER=0.0000 (blocks=1000, errors=0)
  SNR  24.0 dB: BLER=0.0000 (blocks=1000, errors=0)
  SNR  25.0 dB: BLER=0.0000 (blocks=1000, errors=0)
  SNR  26.0 dB: BLER=0.0000 (blocks=1000, errors=0)
  SNR  27.0 dB: BLER=0.0000 (blocks=1000, errors=0)
  SNR  28.0 dB: BLER=0.0000 (blocks=1000, errors=0)

=== MCS 21 (Qm=8, R=0.694, TBS=2600) SNR 12~28dB ===
  SNR  12.0 dB: BLER=0.9901 (blocks=101, errors=100)
  SNR  13.0 dB: BLER=1.0000 (blocks=100, errors=100)
  SNR  14.0 dB: BLER=1.0000 (blocks=100, errors=100)
  SNR  15.0 dB: BLER=1.0000 (blocks=100, errors=100)
  SNR  16.0 dB: BLER=1.0000 (blocks=100, errors=100)
  SNR  17.0 dB: BLER=1.0000 (blocks=100, errors=100)
  SNR  18.0 dB: BLER=0.9901 (blocks=101, errors=100)
  SNR  19.0 dB: BLER=0.7576 (blocks=132, errors=100)
  SNR  20.0 dB: BLER=0.0004 (blocks=5000, errors=2)
  SNR  21.0 dB: BLER=0.0000 (blocks=1000, errors=0)
  SNR  22.0 dB: BLER=0.0000 (blocks=1000, errors=0)
  SNR  23.0 dB: BLER=0.0000 (blocks=1000, errors=0)
  SNR  24.0 dB: BLER=0.0000 (blocks=1000, errors=0)
  SNR  25.0 dB: BLER=0.0000 (blocks=1000, errors=0)
  SNR  26.0 dB: BLER=0.0000 (blocks=1000, errors=0)
  SNR  27.0 dB: BLER=0.0000 (blocks=1000, errors=0)
  SNR  28.0 dB: BLER=0.0000 (blocks=1000, errors=0)

=== MCS 22 (Qm=8, R=0.736, TBS=2792) SNR 12~28dB ===
  SNR  12.0 dB: BLER=1.0000 (blocks=100, errors=100)
  SNR  13.0 dB: BLER=0.9901 (blocks=101, errors=100)
  SNR  14.0 dB: BLER=1.0000 (blocks=100, errors=100)
  SNR  15.0 dB: BLER=1.0000 (blocks=100, errors=100)
  SNR  16.0 dB: BLER=1.0000 (blocks=100, errors=100)
  SNR  17.0 dB: BLER=1.0000 (blocks=100, errors=100)
  SNR  18.0 dB: BLER=1.0000 (blocks=100, errors=100)
  SNR  19.0 dB: BLER=0.9901 (blocks=101, errors=100)
  SNR  20.0 dB: BLER=0.8772 (blocks=114, errors=100)
  SNR  21.0 dB: BLER=0.0008 (blocks=5000, errors=4)
  SNR  22.0 dB: BLER=0.0000 (blocks=1000, errors=0)
  SNR  23.0 dB: BLER=0.0000 (blocks=1000, errors=0)
  SNR  24.0 dB: BLER=0.0000 (blocks=1000, errors=0)
  SNR  25.0 dB: BLER=0.0000 (blocks=1000, errors=0)
  SNR  26.0 dB: BLER=0.0000 (blocks=1000, errors=0)
  SNR  27.0 dB: BLER=0.0000 (blocks=1000, errors=0)
  SNR  28.0 dB: BLER=0.0000 (blocks=1000, errors=0)

=== MCS 23 (Qm=8, R=0.778, TBS=2976) SNR 16~32dB ===
  SNR  16.0 dB: BLER=1.0000 (blocks=100, errors=100)
  SNR  17.0 dB: BLER=1.0000 (blocks=100, errors=100)
  SNR  18.0 dB: BLER=0.9901 (blocks=101, errors=100)
  SNR  19.0 dB: BLER=1.0000 (blocks=100, errors=100)
  SNR  20.0 dB: BLER=0.9901 (blocks=101, errors=100)
  SNR  21.0 dB: BLER=0.9524 (blocks=105, errors=100)
  SNR  22.0 dB: BLER=0.0022 (blocks=5000, errors=11)
  SNR  23.0 dB: BLER=0.0000 (blocks=1000, errors=0)
  SNR  24.0 dB: BLER=0.0000 (blocks=1000, errors=0)
  SNR  25.0 dB: BLER=0.0000 (blocks=1000, errors=0)
  SNR  26.0 dB: BLER=0.0000 (blocks=1000, errors=0)
  SNR  27.0 dB: BLER=0.0000 (blocks=1000, errors=0)
  SNR  28.0 dB: BLER=0.0000 (blocks=1000, errors=0)
  SNR  29.0 dB: BLER=0.0000 (blocks=1000, errors=0)
  SNR  30.0 dB: BLER=0.0000 (blocks=1000, errors=0)
  SNR  31.0 dB: BLER=0.0000 (blocks=1000, errors=0)
  SNR  32.0 dB: BLER=0.0000 (blocks=1000, errors=0)

=== MCS 24 (Qm=8, R=0.821, TBS=3104) SNR 16~32dB ===
  SNR  16.0 dB: BLER=1.0000 (blocks=100, errors=100)
  SNR  17.0 dB: BLER=1.0000 (blocks=100, errors=100)
  SNR  18.0 dB: BLER=1.0000 (blocks=100, errors=100)
  SNR  19.0 dB: BLER=1.0000 (blocks=100, errors=100)
  SNR  20.0 dB: BLER=1.0000 (blocks=100, errors=100)
  SNR  21.0 dB: BLER=1.0000 (blocks=100, errors=100)
  SNR  22.0 dB: BLER=0.8475 (blocks=118, errors=100)
  SNR  23.0 dB: BLER=0.0000 (blocks=1000, errors=0)
  SNR  24.0 dB: BLER=0.0000 (blocks=1000, errors=0)
  SNR  25.0 dB: BLER=0.0000 (blocks=1000, errors=0)
  SNR  26.0 dB: BLER=0.0000 (blocks=1000, errors=0)
  SNR  27.0 dB: BLER=0.0000 (blocks=1000, errors=0)
  SNR  28.0 dB: BLER=0.0000 (blocks=1000, errors=0)
  SNR  29.0 dB: BLER=0.0000 (blocks=1000, errors=0)
  SNR  30.0 dB: BLER=0.0000 (blocks=1000, errors=0)
  SNR  31.0 dB: BLER=0.0000 (blocks=1000, errors=0)
  SNR  32.0 dB: BLER=0.0000 (blocks=1000, errors=0)

=== MCS 25 (Qm=8, R=0.864, TBS=3240) SNR 16~32dB ===
  SNR  16.0 dB: BLER=1.0000 (blocks=100, errors=100)
  SNR  17.0 dB: BLER=1.0000 (blocks=100, errors=100)
  SNR  18.0 dB: BLER=1.0000 (blocks=100, errors=100)
  SNR  19.0 dB: BLER=0.9804 (blocks=102, errors=100)
  SNR  20.0 dB: BLER=1.0000 (blocks=100, errors=100)
  SNR  21.0 dB: BLER=1.0000 (blocks=100, errors=100)
  SNR  22.0 dB: BLER=1.0000 (blocks=100, errors=100)
  SNR  23.0 dB: BLER=0.6803 (blocks=147, errors=100)
  SNR  24.0 dB: BLER=0.0000 (blocks=1000, errors=0)
  SNR  25.0 dB: BLER=0.0000 (blocks=1000, errors=0)
  SNR  26.0 dB: BLER=0.0000 (blocks=1000, errors=0)
  SNR  27.0 dB: BLER=0.0000 (blocks=1000, errors=0)
  SNR  28.0 dB: BLER=0.0000 (blocks=1000, errors=0)
  SNR  29.0 dB: BLER=0.0000 (blocks=1000, errors=0)
  SNR  30.0 dB: BLER=0.0000 (blocks=1000, errors=0)
  SNR  31.0 dB: BLER=0.0000 (blocks=1000, errors=0)
  SNR  32.0 dB: BLER=0.0000 (blocks=1000, errors=0)

=== MCS 26 (Qm=8, R=0.895, TBS=3368) SNR 18~34dB ===
  SNR  18.0 dB: BLER=1.0000 (blocks=100, errors=100)
  SNR  19.0 dB: BLER=1.0000 (blocks=100, errors=100)
  SNR  20.0 dB: BLER=1.0000 (blocks=100, errors=100)
  SNR  21.0 dB: BLER=1.0000 (blocks=100, errors=100)
  SNR  22.0 dB: BLER=1.0000 (blocks=100, errors=100)
  SNR  23.0 dB: BLER=1.0000 (blocks=100, errors=100)
  SNR  24.0 dB: BLER=0.6173 (blocks=162, errors=100)
  SNR  25.0 dB: BLER=0.0000 (blocks=1000, errors=0)
  SNR  26.0 dB: BLER=0.0000 (blocks=1000, errors=0)
  SNR  27.0 dB: BLER=0.0000 (blocks=1000, errors=0)
  SNR  28.0 dB: BLER=0.0000 (blocks=1000, errors=0)
  SNR  29.0 dB: BLER=0.0000 (blocks=1000, errors=0)
  SNR  30.0 dB: BLER=0.0000 (blocks=1000, errors=0)
  SNR  31.0 dB: BLER=0.0000 (blocks=1000, errors=0)
  SNR  32.0 dB: BLER=0.0000 (blocks=1000, errors=0)
  SNR  33.0 dB: BLER=0.0000 (blocks=1000, errors=0)
  SNR  34.0 dB: BLER=0.0000 (blocks=1000, errors=0)

=== MCS 27 (Qm=8, R=0.926, TBS=3496) SNR 18~34dB ===
  SNR  18.0 dB: BLER=1.0000 (blocks=100, errors=100)
  SNR  19.0 dB: BLER=0.9901 (blocks=101, errors=100)
  SNR  20.0 dB: BLER=1.0000 (blocks=100, errors=100)
  SNR  21.0 dB: BLER=1.0000 (blocks=100, errors=100)
  SNR  22.0 dB: BLER=1.0000 (blocks=100, errors=100)
  SNR  23.0 dB: BLER=0.9901 (blocks=101, errors=100)
  SNR  24.0 dB: BLER=0.9804 (blocks=102, errors=100)
  SNR  25.0 dB: BLER=0.9615 (blocks=104, errors=100)
  SNR  26.0 dB: BLER=0.0022 (blocks=5000, errors=11)
  SNR  27.0 dB: BLER=0.0000 (blocks=1000, errors=0)
  SNR  28.0 dB: BLER=0.0000 (blocks=1000, errors=0)
  SNR  29.0 dB: BLER=0.0000 (blocks=1000, errors=0)
  SNR  30.0 dB: BLER=0.0000 (blocks=1000, errors=0)
  SNR  31.0 dB: BLER=0.0000 (blocks=1000, errors=0)
  SNR  32.0 dB: BLER=0.0000 (blocks=1000, errors=0)
  SNR  33.0 dB: BLER=0.0000 (blocks=1000, errors=0)
  SNR  34.0 dB: BLER=0.0000 (blocks=1000, errors=0)

Total 482 SNR points completed in 10161.0000s (169 min)
Results saved to results/bler_all_mcs_awgn.csv
